2021-08-26 09:58:28.057  INFO 1657 --- [main] lavalink.server.Launcher                 : 

[32m       .  [31m _                  _ _       _    [32m__ _ _
[32m      /\\ [31m| | __ ___   ____ _| (_)_ __ | | __[32m\ \ \ \
[32m     ( ( )[31m| |/ _` \ \ / / _` | | | '_ \| |/ /[32m \ \ \ \
[32m      \\/ [31m| | (_| |\ V / (_| | | | | | |   < [32m  ) ) ) )
[32m       '  [31m|_|\__,_| \_/ \__,_|_|_|_| |_|_|\_\[32m / / / /
[0m    =========================================[32m/_/_/_/[0m

	Version:        3.3.2.5
	Build:          1222
	Build time:     11.04.2021 08:07:27 UTC
	Branch          master
	Commit:         7b914f2
	Commit time:    09.04.2021 17:14:27 UTC
	JVM:            13.0.7
	Lavaplayer      1.3.76

2021-08-26 09:58:28.262  INFO 1657 --- [main] lavalink.server.Launcher                 : Starting Launcher on LAPTOP-ONPOSSI1 with PID 1657 (/home/LofiGirl/lavalink/lavalink.jar started by wrath in /home/LofiGirl)
2021-08-26 09:58:28.264  INFO 1657 --- [main] lavalink.server.Launcher                 : No active profile set, falling back to default profiles: default
2021-08-26 09:58:28.395  WARN 1657 --- [background-preinit] o.s.h.c.j.Jackson2ObjectMapperBuilder    : For Jackson Kotlin classes support please add "com.fasterxml.jackson.module:jackson-module-kotlin" to the classpath
2021-08-26 09:58:30.113  WARN 1657 --- [main] io.undertow.websockets.jsr               : UT026010: Buffer pool was not set on WebSocketDeploymentInfo, the default pool will be used
2021-08-26 09:58:30.173  INFO 1657 --- [main] io.undertow.servlet                      : Initializing Spring embedded WebApplicationContext
2021-08-26 09:58:30.174  INFO 1657 --- [main] o.s.web.context.ContextLoader            : Root WebApplicationContext: initialization completed in 1825 ms
2021-08-26 09:58:30.851  WARN 1657 --- [main] l.server.config.SentryConfiguration      : Turning off sentry
2021-08-26 09:58:31.439  INFO 1657 --- [main] c.s.d.l.tools.GarbageCollectionMonitor   : GC monitoring enabled, reporting results every 2 minutes.
2021-08-26 09:58:31.721  INFO 1657 --- [main] lavalink.server.config.KoeConfiguration  : OS: Linux, Arch: amd64
2021-08-26 09:58:31.722  INFO 1657 --- [main] lavalink.server.config.KoeConfiguration  : Enabling JDA-NAS
2021-08-26 09:58:31.741  INFO 1657 --- [main] c.s.l.c.natives.NativeLibraryLoader      : Native library udpqueue: loading with filter null
2021-08-26 09:58:31.751  INFO 1657 --- [main] c.s.l.c.natives.NativeLibraryLoader      : Native library udpqueue: successfully loaded.
2021-08-26 09:58:32.144  INFO 1657 --- [main] o.s.s.concurrent.ThreadPoolTaskExecutor  : Initializing ExecutorService 'applicationTaskExecutor'
2021-08-26 09:58:32.560  INFO 1657 --- [main] org.xnio                                 : XNIO version 3.3.8.Final
2021-08-26 09:58:32.580  INFO 1657 --- [main] org.xnio.nio                             : XNIO NIO Implementation Version 3.3.8.Final
2021-08-26 09:58:32.695  INFO 1657 --- [main] o.s.b.w.e.u.UndertowServletWebServer     : Undertow started on port(s) 2334 (http) with context path ''
2021-08-26 09:58:32.701  INFO 1657 --- [main] lavalink.server.Launcher                 : Started Launcher in 5.542 seconds (JVM running for 6.992)
2021-08-26 09:58:32.705  INFO 1657 --- [main] lavalink.server.Launcher                 : You can safely ignore the big red warning about illegal reflection. See https://github.com/Frederikam/Lavalink/issues/295
2021-08-26 10:00:52.186  INFO 1657 --- [XNIO-1 task-1] io.undertow.servlet                      : Initializing Spring DispatcherServlet 'dispatcherServlet'
2021-08-26 10:00:52.187  INFO 1657 --- [XNIO-1 task-1] o.s.web.servlet.DispatcherServlet        : Initializing Servlet 'dispatcherServlet'
2021-08-26 10:00:52.197  INFO 1657 --- [XNIO-1 task-1] o.s.web.servlet.DispatcherServlet        : Completed initialization in 10 ms
2021-08-26 10:00:52.226  INFO 1657 --- [XNIO-1 task-1] l.server.io.HandshakeInterceptorImpl     : Incoming connection from /127.0.0.1:44284
2021-08-26 10:00:52.322  INFO 1657 --- [XNIO-1 task-1] lavalink.server.io.SocketServer          : Connection successfully established from /127.0.0.1:44284
2021-08-26 10:00:52.400  INFO 1657 --- [XNIO-1 I/O-3] lavalink.server.io.SocketServer          : Connection closed from /127.0.0.1:44284 -- CloseStatus[code=1006, reason=]
2021-08-26 10:00:52.400  INFO 1657 --- [XNIO-1 I/O-3] lavalink.server.io.SocketContext         : Shutting down 0 playing players.
2021-08-26 10:01:35.770  INFO 1657 --- [XNIO-1 task-2] l.server.io.HandshakeInterceptorImpl     : Incoming connection from /127.0.0.1:44292
2021-08-26 10:01:35.779  INFO 1657 --- [XNIO-1 task-2] lavalink.server.io.SocketServer          : Connection successfully established from /127.0.0.1:44292
2021-08-26 10:01:35.874  INFO 1657 --- [XNIO-1 I/O-11] lavalink.server.io.SocketServer          : Connection closed from /127.0.0.1:44292 -- CloseStatus[code=1006, reason=]
2021-08-26 10:01:35.874  INFO 1657 --- [XNIO-1 I/O-11] lavalink.server.io.SocketContext         : Shutting down 0 playing players.
2021-08-26 10:03:46.799  INFO 1657 --- [XNIO-1 task-3] l.server.io.HandshakeInterceptorImpl     : Incoming connection from /127.0.0.1:44300
2021-08-26 10:03:46.812  INFO 1657 --- [XNIO-1 task-3] lavalink.server.io.SocketServer          : Connection successfully established from /127.0.0.1:44300
2021-08-26 10:07:06.179  INFO 1657 --- [Thread-1] o.s.s.concurrent.ThreadPoolTaskExecutor  : Shutting down ExecutorService 'applicationTaskExecutor'
2021-08-26 10:07:06.181  INFO 1657 --- [Thread-1] c.s.d.l.tools.GarbageCollectionMonitor   : GC monitoring disabled.
2021-08-26 10:07:06.187  INFO 1657 --- [Thread-1] io.undertow.servlet                      : Destroying Spring FrameworkServlet 'dispatcherServlet'
2021-08-26 10:07:06.203 ERROR 1657 --- [XNIO-1 I/O-7] org.xnio.listener                        : XNIO001007: A channel event listener threw an exception

java.util.concurrent.RejectedExecutionException: XNIO007007: Thread is terminating
	at org.xnio.nio.WorkerThread.execute(WorkerThread.java:590) ~[xnio-nio-3.3.8.Final.jar!/:3.3.8.Final]
	at io.undertow.websockets.jsr.UndertowSession$3.handleEvent(UndertowSession.java:396) ~[undertow-websockets-jsr-2.0.26.Final.jar!/:2.0.26.Final]
	at io.undertow.websockets.jsr.UndertowSession$3.handleEvent(UndertowSession.java:388) ~[undertow-websockets-jsr-2.0.26.Final.jar!/:2.0.26.Final]
	at org.xnio.ChannelListeners.invokeChannelListener(ChannelListeners.java:92) ~[xnio-api-3.3.8.Final.jar!/:3.3.8.Final]
	at io.undertow.server.protocol.framed.AbstractFramedChannel$FrameCloseListener.handleEvent(AbstractFramedChannel.java:1063) ~[undertow-core-2.0.26.Final.jar!/:2.0.26.Final]
	at io.undertow.server.protocol.framed.AbstractFramedChannel$FrameCloseListener.handleEvent(AbstractFramedChannel.java:978) ~[undertow-core-2.0.26.Final.jar!/:2.0.26.Final]
	at org.xnio.ChannelListeners.invokeChannelListener(ChannelListeners.java:92) ~[xnio-api-3.3.8.Final.jar!/:3.3.8.Final]
	at org.xnio.conduits.WriteReadyHandler$ChannelListenerHandler.terminated(WriteReadyHandler.java:70) ~[xnio-api-3.3.8.Final.jar!/:3.3.8.Final]
	at org.xnio.nio.NioSocketConduit.writeTerminated(NioSocketConduit.java:234) ~[xnio-nio-3.3.8.Final.jar!/:3.3.8.Final]
	at org.xnio.nio.NioSocketConduit.terminateWrites(NioSocketConduit.java:223) ~[xnio-nio-3.3.8.Final.jar!/:3.3.8.Final]
	at org.xnio.nio.NioSocketConduit.truncateWrites(NioSocketConduit.java:228) ~[xnio-nio-3.3.8.Final.jar!/:3.3.8.Final]
	at io.undertow.conduits.IdleTimeoutConduit.truncateWrites(IdleTimeoutConduit.java:387) ~[undertow-core-2.0.26.Final.jar!/:2.0.26.Final]
	at org.xnio.conduits.ConduitStreamSinkChannel.close(ConduitStreamSinkChannel.java:186) ~[xnio-api-3.3.8.Final.jar!/:3.3.8.Final]
	at org.xnio.IoUtils.safeClose(IoUtils.java:134) ~[xnio-api-3.3.8.Final.jar!/:3.3.8.Final]
	at org.xnio.conduits.WriteReadyHandler$ChannelListenerHandler.forceTermination(WriteReadyHandler.java:57) ~[xnio-api-3.3.8.Final.jar!/:3.3.8.Final]
	at org.xnio.nio.NioSocketConduit.forceTermination(NioSocketConduit.java:107) ~[xnio-nio-3.3.8.Final.jar!/:3.3.8.Final]
	at org.xnio.nio.WorkerThread.run(WorkerThread.java:494) ~[xnio-nio-3.3.8.Final.jar!/:3.3.8.Final]

2021-08-26 18:54:34.078  INFO 630 --- [main] lavalink.server.Launcher                 : 

[32m       .  [31m _                  _ _       _    [32m__ _ _
[32m      /\\ [31m| | __ ___   ____ _| (_)_ __ | | __[32m\ \ \ \
[32m     ( ( )[31m| |/ _` \ \ / / _` | | | '_ \| |/ /[32m \ \ \ \
[32m      \\/ [31m| | (_| |\ V / (_| | | | | | |   < [32m  ) ) ) )
[32m       '  [31m|_|\__,_| \_/ \__,_|_|_|_| |_|_|\_\[32m / / / /
[0m    =========================================[32m/_/_/_/[0m

	Version:        3.3.2.5
	Build:          1222
	Build time:     11.04.2021 08:07:27 UTC
	Branch          master
	Commit:         7b914f2
	Commit time:    09.04.2021 17:14:27 UTC
	JVM:            13.0.7
	Lavaplayer      1.3.76

2021-08-26 18:54:34.207  INFO 630 --- [main] lavalink.server.Launcher                 : Starting Launcher on LAPTOP-ONPOSSI1 with PID 630 (/home/LofiGirl/lavalink/lavalink.jar started by wrath in /home/LofiGirl)
2021-08-26 18:54:34.209  INFO 630 --- [main] lavalink.server.Launcher                 : No active profile set, falling back to default profiles: default
2021-08-26 18:54:34.301  WARN 630 --- [background-preinit] o.s.h.c.j.Jackson2ObjectMapperBuilder    : For Jackson Kotlin classes support please add "com.fasterxml.jackson.module:jackson-module-kotlin" to the classpath
2021-08-26 18:54:35.750  WARN 630 --- [main] io.undertow.websockets.jsr               : UT026010: Buffer pool was not set on WebSocketDeploymentInfo, the default pool will be used
2021-08-26 18:54:35.788  INFO 630 --- [main] io.undertow.servlet                      : Initializing Spring embedded WebApplicationContext
2021-08-26 18:54:35.789  INFO 630 --- [main] o.s.web.context.ContextLoader            : Root WebApplicationContext: initialization completed in 1524 ms
2021-08-26 18:54:36.402  WARN 630 --- [main] l.server.config.SentryConfiguration      : Turning off sentry
2021-08-26 18:54:36.795  INFO 630 --- [main] c.s.d.l.tools.GarbageCollectionMonitor   : GC monitoring enabled, reporting results every 2 minutes.
2021-08-26 18:54:36.977  INFO 630 --- [main] lavalink.server.config.KoeConfiguration  : OS: Linux, Arch: amd64
2021-08-26 18:54:36.977  INFO 630 --- [main] lavalink.server.config.KoeConfiguration  : Enabling JDA-NAS
2021-08-26 18:54:36.981  INFO 630 --- [main] c.s.l.c.natives.NativeLibraryLoader      : Native library udpqueue: loading with filter null
2021-08-26 18:54:36.987  INFO 630 --- [main] c.s.l.c.natives.NativeLibraryLoader      : Native library udpqueue: successfully loaded.
2021-08-26 18:54:37.242  INFO 630 --- [main] o.s.s.concurrent.ThreadPoolTaskExecutor  : Initializing ExecutorService 'applicationTaskExecutor'
2021-08-26 18:54:37.546  INFO 630 --- [main] org.xnio                                 : XNIO version 3.3.8.Final
2021-08-26 18:54:37.558  INFO 630 --- [main] org.xnio.nio                             : XNIO NIO Implementation Version 3.3.8.Final
2021-08-26 18:54:37.656  INFO 630 --- [main] o.s.b.w.e.u.UndertowServletWebServer     : Undertow started on port(s) 2334 (http) with context path ''
2021-08-26 18:54:37.663  INFO 630 --- [main] lavalink.server.Launcher                 : Started Launcher in 4.214 seconds (JVM running for 4.942)
2021-08-26 18:54:37.665  INFO 630 --- [main] lavalink.server.Launcher                 : You can safely ignore the big red warning about illegal reflection. See https://github.com/Frederikam/Lavalink/issues/295
2021-08-26 18:55:08.609  INFO 630 --- [XNIO-1 task-1] io.undertow.servlet                      : Initializing Spring DispatcherServlet 'dispatcherServlet'
2021-08-26 18:55:08.611  INFO 630 --- [XNIO-1 task-1] o.s.web.servlet.DispatcherServlet        : Initializing Servlet 'dispatcherServlet'
2021-08-26 18:55:08.622  INFO 630 --- [XNIO-1 task-1] o.s.web.servlet.DispatcherServlet        : Completed initialization in 11 ms
2021-08-26 18:55:08.653  INFO 630 --- [XNIO-1 task-1] l.server.io.HandshakeInterceptorImpl     : Incoming connection from /127.0.0.1:59120
2021-08-26 18:55:08.736  INFO 630 --- [XNIO-1 task-1] lavalink.server.io.SocketServer          : Connection successfully established from /127.0.0.1:59120
2021-08-26 18:55:08.821  INFO 630 --- [XNIO-1 I/O-7] lavalink.server.io.SocketServer          : Connection closed from /127.0.0.1:59120 -- CloseStatus[code=1006, reason=]
2021-08-26 18:55:08.822  INFO 630 --- [XNIO-1 I/O-7] lavalink.server.io.SocketContext         : Shutting down 0 playing players.
2021-08-26 18:55:32.298  INFO 630 --- [XNIO-1 task-2] l.server.io.HandshakeInterceptorImpl     : Incoming connection from /127.0.0.1:59128
2021-08-26 18:55:32.302  INFO 630 --- [XNIO-1 task-2] lavalink.server.io.SocketServer          : Connection successfully established from /127.0.0.1:59128
2021-08-26 18:55:36.294  INFO 630 --- [XNIO-1 task-3] l.server.player.AudioLoaderRestHandler   : Got request to load for identifier "https://www.youtube.com/watch?v=DWcJFNfaw9c"
2021-08-26 18:55:36.516  INFO 630 --- [XNIO-1 I/O-3] lavalink.server.io.SocketServer          : {"sessionId":"c31bc321bd033d7269c68f1fbca9da74","event":{"token":"e802c0311f49dbec","guild_id":"665661105586176020","endpoint":"us-west8056.discord.media:443"},"op":"voiceUpdate","guildId":"665661105586176020"}
2021-08-26 18:55:36.706  INFO 630 --- [XNIO-1 I/O-3] lavalink.server.io.SocketServer          : {"sessionId":"c31bc321bd033d7269c68f1fbca9da74","event":{"token":"e802c0311f49dbec","guild_id":"665661105586176020","endpoint":"us-west8056.discord.media:443"},"op":"voiceUpdate","guildId":"665661105586176020"}
2021-08-26 18:55:37.790  INFO 630 --- [lava-daemon-pool-info-loader-2-thread-1] lavalink.server.player.AudioLoader       : Loaded track lofi hip hop radio - beats to sleep/chill to
2021-08-26 18:55:37.830  INFO 630 --- [XNIO-1 I/O-3] lavalink.server.io.SocketServer          : {"track":"QAAAjwIALGxvZmkgaGlwIGhvcCByYWRpbyAtIGJlYXRzIHRvIHNsZWVwL2NoaWxsIHRvAAlMb2ZpIEdpcmx//////////wALRFdjSkZOZmF3OWMBAQAraHR0cHM6Ly93d3cueW91dHViZS5jb20vd2F0Y2g/dj1EV2NKRk5mYXc5YwAHeW91dHViZQAAAAAAAAAA","op":"play","guildId":"665661105586176020"}
2021-08-26 18:55:40.359  INFO 630 --- [lava-daemon-pool-playback-1-thread-1] c.s.l.c.natives.NativeLibraryLoader      : Native library libmpg123-0: loading with filter com.sedmelluq.discord.lavaplayer.natives.ConnectorNativeLibLoader$$Lambda$607/0x000000010079d440@7cba58f
2021-08-26 18:55:40.360  INFO 630 --- [lava-daemon-pool-playback-1-thread-1] c.s.l.c.natives.NativeLibraryLoader      : Native library connector: loading with filter null
2021-08-26 18:55:40.391  INFO 630 --- [lava-daemon-pool-playback-1-thread-1] c.s.l.c.natives.NativeLibraryLoader      : Native library connector: successfully loaded.
2021-08-26 18:55:49.346  INFO 630 --- [XNIO-1 I/O-3] lavalink.server.io.SocketServer          : {"op":"destroy","guildId":"665661105586176020"}
2021-08-26 18:55:49.350  INFO 630 --- [XNIO-1 I/O-3] lavalink.server.io.SocketServer          : {"track":"QAAAjwIALGxvZmkgaGlwIGhvcCByYWRpbyAtIGJlYXRzIHRvIHNsZWVwL2NoaWxsIHRvAAlMb2ZpIEdpcmx//////////wALRFdjSkZOZmF3OWMBAQAraHR0cHM6Ly93d3cueW91dHViZS5jb20vd2F0Y2g/dj1EV2NKRk5mYXc5YwAHeW91dHViZQAAAAAAAAAA","op":"play","guildId":"665661105586176020"}
2021-08-26 18:55:49.544  INFO 630 --- [XNIO-1 I/O-3] lavalink.server.io.SocketServer          : {"sessionId":"c31bc321bd033d7269c68f1fbca9da74","event":{"token":"e1144fe439a1f282","guild_id":"665661105586176020","endpoint":"us-west8056.discord.media:443"},"op":"voiceUpdate","guildId":"665661105586176020"}
2021-08-26 18:55:55.240  INFO 630 --- [XNIO-1 I/O-3] lavalink.server.io.SocketServer          : {"op":"destroy","guildId":"665661105586176020"}
2021-08-26 18:55:55.247  INFO 630 --- [XNIO-1 task-5] l.server.player.AudioLoaderRestHandler   : Got request to load for identifier "https://www.youtube.com/watch?v=5qap5aO4i9A"
2021-08-26 18:55:55.443  INFO 630 --- [XNIO-1 I/O-3] lavalink.server.io.SocketServer          : {"sessionId":"c31bc321bd033d7269c68f1fbca9da74","event":{"token":"70bc4a0f42cb1a49","guild_id":"665661105586176020","endpoint":"us-west8056.discord.media:443"},"op":"voiceUpdate","guildId":"665661105586176020"}
2021-08-26 18:55:55.796  INFO 630 --- [lava-daemon-pool-info-loader-2-thread-1] lavalink.server.player.AudioLoader       : Loaded track lofi hip hop radio - beats to relax/study to
2021-08-26 18:55:55.814  INFO 630 --- [XNIO-1 I/O-3] lavalink.server.io.SocketServer          : {"track":"QAAAjwIALGxvZmkgaGlwIGhvcCByYWRpbyAtIGJlYXRzIHRvIHJlbGF4L3N0dWR5IHRvAAlMb2ZpIEdpcmx//////////wALNXFhcDVhTzRpOUEBAQAraHR0cHM6Ly93d3cueW91dHViZS5jb20vd2F0Y2g/dj01cWFwNWFPNGk5QQAHeW91dHViZQAAAAAAAAAA","op":"play","guildId":"665661105586176020"}
2021-08-26 19:12:02.620  INFO 630 --- [Thread-1] o.s.s.concurrent.ThreadPoolTaskExecutor  : Shutting down ExecutorService 'applicationTaskExecutor'
2021-08-26 19:12:02.622  INFO 630 --- [Thread-1] c.s.d.l.tools.GarbageCollectionMonitor   : GC monitoring disabled.
2021-08-26 19:12:02.629  WARN 630 --- [lava-daemon-pool-playback-1-thread-2] c.s.d.l.t.p.LocalAudioTrackExecutor      : Suspicious exception for playback of 5qap5aO4i9A

com.sedmelluq.discord.lavaplayer.tools.FriendlyException: The track was unexpectedly terminated.
	at com.sedmelluq.discord.lavaplayer.track.playback.LocalAudioTrackExecutor.handlePlaybackInterrupt(LocalAudioTrackExecutor.java:347) ~[lavaplayer-1.3.76.jar!/:na]
	at com.sedmelluq.discord.lavaplayer.track.playback.LocalAudioTrackExecutor.executeProcessingLoop(LocalAudioTrackExecutor.java:291) ~[lavaplayer-1.3.76.jar!/:na]
	at com.sedmelluq.discord.lavaplayer.track.playback.LocalAudioTrackExecutor.executeProcessingLoop(LocalAudioTrackExecutor.java:249) ~[lavaplayer-1.3.76.jar!/:na]
	at com.sedmelluq.discord.lavaplayer.source.youtube.YoutubeMpegStreamAudioTrack.process(YoutubeMpegStreamAudioTrack.java:55) ~[lavaplayer-1.3.76.jar!/:na]
	at com.sedmelluq.discord.lavaplayer.track.DelegatedAudioTrack.processDelegate(DelegatedAudioTrack.java:25) ~[lavaplayer-1.3.76.jar!/:na]
	at com.sedmelluq.discord.lavaplayer.source.youtube.YoutubeAudioTrack.processStream(YoutubeAudioTrack.java:69) ~[lavaplayer-1.3.76.jar!/:na]
	at com.sedmelluq.discord.lavaplayer.source.youtube.YoutubeAudioTrack.process(YoutubeAudioTrack.java:47) ~[lavaplayer-1.3.76.jar!/:na]
	at com.sedmelluq.discord.lavaplayer.track.playback.LocalAudioTrackExecutor.execute(LocalAudioTrackExecutor.java:104) ~[lavaplayer-1.3.76.jar!/:na]
	at com.sedmelluq.discord.lavaplayer.player.DefaultAudioPlayerManager.lambda$executeTrack$1(DefaultAudioPlayerManager.java:348) ~[lavaplayer-1.3.76.jar!/:na]
	at java.base/java.util.concurrent.ThreadPoolExecutor.runWorker(ThreadPoolExecutor.java:1128) ~[na:na]
	at java.base/java.util.concurrent.ThreadPoolExecutor$Worker.run(ThreadPoolExecutor.java:628) ~[na:na]
	at java.base/java.lang.Thread.run(Thread.java:830) ~[na:na]
	Suppressed: com.sedmelluq.discord.lavaplayer.tools.exception.EnvironmentInformation: 
  lavaplayer.version: 1.3.76
  os.arch: amd64
  os.name: Linux
  os.version: 5.10.16.3-microsoft-standard-WSL2
  java.vendor: Private Build
  java.version: 13.0.7
  java.runtime.version: 13.0.7+5-Ubuntu-0ubuntu120.04
  java.vm.version: 13.0.7+5-Ubuntu-0ubuntu120.04
Caused by: java.lang.InterruptedException: null
	at com.sedmelluq.discord.lavaplayer.track.playback.LocalAudioTrackExecutor.findInterrupt(LocalAudioTrackExecutor.java:365) ~[lavaplayer-1.3.76.jar!/:na]
	at com.sedmelluq.discord.lavaplayer.track.playback.LocalAudioTrackExecutor.executeProcessingLoop(LocalAudioTrackExecutor.java:288) ~[lavaplayer-1.3.76.jar!/:na]
	... 10 common frames omitted

2021-08-26 19:12:02.636  INFO 630 --- [Thread-1] io.undertow.servlet                      : Destroying Spring FrameworkServlet 'dispatcherServlet'
2021-08-26 19:12:02.645 ERROR 630 --- [XNIO-1 I/O-3] org.xnio.listener                        : XNIO001007: A channel event listener threw an exception

java.util.concurrent.RejectedExecutionException: XNIO007007: Thread is terminating
	at org.xnio.nio.WorkerThread.execute(WorkerThread.java:590) ~[xnio-nio-3.3.8.Final.jar!/:3.3.8.Final]
	at io.undertow.websockets.jsr.UndertowSession$3.handleEvent(UndertowSession.java:396) ~[undertow-websockets-jsr-2.0.26.Final.jar!/:2.0.26.Final]
	at io.undertow.websockets.jsr.UndertowSession$3.handleEvent(UndertowSession.java:388) ~[undertow-websockets-jsr-2.0.26.Final.jar!/:2.0.26.Final]
	at org.xnio.ChannelListeners.invokeChannelListener(ChannelListeners.java:92) ~[xnio-api-3.3.8.Final.jar!/:3.3.8.Final]
	at io.undertow.server.protocol.framed.AbstractFramedChannel$FrameCloseListener.handleEvent(AbstractFramedChannel.java:1063) ~[undertow-core-2.0.26.Final.jar!/:2.0.26.Final]
	at io.undertow.server.protocol.framed.AbstractFramedChannel$FrameCloseListener.handleEvent(AbstractFramedChannel.java:978) ~[undertow-core-2.0.26.Final.jar!/:2.0.26.Final]
	at org.xnio.ChannelListeners.invokeChannelListener(ChannelListeners.java:92) ~[xnio-api-3.3.8.Final.jar!/:3.3.8.Final]
	at org.xnio.conduits.WriteReadyHandler$ChannelListenerHandler.terminated(WriteReadyHandler.java:70) ~[xnio-api-3.3.8.Final.jar!/:3.3.8.Final]
	at org.xnio.nio.NioSocketConduit.writeTerminated(NioSocketConduit.java:234) ~[xnio-nio-3.3.8.Final.jar!/:3.3.8.Final]
	at org.xnio.nio.NioSocketConduit.terminateWrites(NioSocketConduit.java:223) ~[xnio-nio-3.3.8.Final.jar!/:3.3.8.Final]
	at org.xnio.nio.NioSocketConduit.truncateWrites(NioSocketConduit.java:228) ~[xnio-nio-3.3.8.Final.jar!/:3.3.8.Final]
	at io.undertow.conduits.IdleTimeoutConduit.truncateWrites(IdleTimeoutConduit.java:387) ~[undertow-core-2.0.26.Final.jar!/:2.0.26.Final]
	at org.xnio.conduits.ConduitStreamSinkChannel.close(ConduitStreamSinkChannel.java:186) ~[xnio-api-3.3.8.Final.jar!/:3.3.8.Final]
	at org.xnio.IoUtils.safeClose(IoUtils.java:134) ~[xnio-api-3.3.8.Final.jar!/:3.3.8.Final]
	at org.xnio.conduits.WriteReadyHandler$ChannelListenerHandler.forceTermination(WriteReadyHandler.java:57) ~[xnio-api-3.3.8.Final.jar!/:3.3.8.Final]
	at org.xnio.nio.NioSocketConduit.forceTermination(NioSocketConduit.java:107) ~[xnio-nio-3.3.8.Final.jar!/:3.3.8.Final]
	at org.xnio.nio.WorkerThread.run(WorkerThread.java:494) ~[xnio-nio-3.3.8.Final.jar!/:3.3.8.Final]

2021-08-26 19:12:25.531  INFO 2215 --- [main] lavalink.server.Launcher                 : 

[32m       .  [31m _                  _ _       _    [32m__ _ _
[32m      /\\ [31m| | __ ___   ____ _| (_)_ __ | | __[32m\ \ \ \
[32m     ( ( )[31m| |/ _` \ \ / / _` | | | '_ \| |/ /[32m \ \ \ \
[32m      \\/ [31m| | (_| |\ V / (_| | | | | | |   < [32m  ) ) ) )
[32m       '  [31m|_|\__,_| \_/ \__,_|_|_|_| |_|_|\_\[32m / / / /
[0m    =========================================[32m/_/_/_/[0m

	Version:        3.3.2.5
	Build:          1222
	Build time:     11.04.2021 08:07:27 UTC
	Branch          master
	Commit:         7b914f2
	Commit time:    09.04.2021 17:14:27 UTC
	JVM:            13.0.7
	Lavaplayer      1.3.76

2021-08-26 19:12:25.624  INFO 2215 --- [main] lavalink.server.Launcher                 : Starting Launcher on LAPTOP-ONPOSSI1 with PID 2215 (/home/LofiGirl/lavalink/lavalink.jar started by wrath in /home/LofiGirl)
2021-08-26 19:12:25.625  INFO 2215 --- [main] lavalink.server.Launcher                 : No active profile set, falling back to default profiles: default
2021-08-26 19:12:25.691  WARN 2215 --- [background-preinit] o.s.h.c.j.Jackson2ObjectMapperBuilder    : For Jackson Kotlin classes support please add "com.fasterxml.jackson.module:jackson-module-kotlin" to the classpath
2021-08-26 19:12:26.749  WARN 2215 --- [main] io.undertow.websockets.jsr               : UT026010: Buffer pool was not set on WebSocketDeploymentInfo, the default pool will be used
2021-08-26 19:12:26.766  INFO 2215 --- [main] io.undertow.servlet                      : Initializing Spring embedded WebApplicationContext
2021-08-26 19:12:26.766  INFO 2215 --- [main] o.s.web.context.ContextLoader            : Root WebApplicationContext: initialization completed in 1090 ms
2021-08-26 19:12:27.261  WARN 2215 --- [main] l.server.config.SentryConfiguration      : Turning off sentry
2021-08-26 19:12:27.579  INFO 2215 --- [main] c.s.d.l.tools.GarbageCollectionMonitor   : GC monitoring enabled, reporting results every 2 minutes.
2021-08-26 19:12:27.763  INFO 2215 --- [main] lavalink.server.config.KoeConfiguration  : OS: Linux, Arch: amd64
2021-08-26 19:12:27.764  INFO 2215 --- [main] lavalink.server.config.KoeConfiguration  : Enabling JDA-NAS
2021-08-26 19:12:27.769  INFO 2215 --- [main] c.s.l.c.natives.NativeLibraryLoader      : Native library udpqueue: loading with filter null
2021-08-26 19:12:27.773  INFO 2215 --- [main] c.s.l.c.natives.NativeLibraryLoader      : Native library udpqueue: successfully loaded.
2021-08-26 19:12:28.073  INFO 2215 --- [main] o.s.s.concurrent.ThreadPoolTaskExecutor  : Initializing ExecutorService 'applicationTaskExecutor'
2021-08-26 19:12:28.452  INFO 2215 --- [main] org.xnio                                 : XNIO version 3.3.8.Final
2021-08-26 19:12:28.466  INFO 2215 --- [main] org.xnio.nio                             : XNIO NIO Implementation Version 3.3.8.Final
2021-08-26 19:12:28.553  INFO 2215 --- [main] o.s.b.w.e.u.UndertowServletWebServer     : Undertow started on port(s) 2334 (http) with context path ''
2021-08-26 19:12:28.561  INFO 2215 --- [main] lavalink.server.Launcher                 : Started Launcher in 3.512 seconds (JVM running for 3.997)
2021-08-26 19:12:28.565  INFO 2215 --- [main] lavalink.server.Launcher                 : You can safely ignore the big red warning about illegal reflection. See https://github.com/Frederikam/Lavalink/issues/295
2021-08-26 19:12:40.724  INFO 2215 --- [XNIO-1 task-1] io.undertow.servlet                      : Initializing Spring DispatcherServlet 'dispatcherServlet'
2021-08-26 19:12:40.725  INFO 2215 --- [XNIO-1 task-1] o.s.web.servlet.DispatcherServlet        : Initializing Servlet 'dispatcherServlet'
2021-08-26 19:12:40.734  INFO 2215 --- [XNIO-1 task-1] o.s.web.servlet.DispatcherServlet        : Completed initialization in 9 ms
2021-08-26 19:12:40.754  INFO 2215 --- [XNIO-1 task-1] l.server.io.HandshakeInterceptorImpl     : Incoming connection from /127.0.0.1:59170
2021-08-26 19:12:40.839  INFO 2215 --- [XNIO-1 task-1] lavalink.server.io.SocketServer          : Connection successfully established from /127.0.0.1:59170
2021-08-26 19:12:42.560  INFO 2215 --- [XNIO-1 task-2] l.server.player.AudioLoaderRestHandler   : Got request to load for identifier "https://www.youtube.com/watch?v=5qap5aO4i9A"
2021-08-26 19:12:42.801  INFO 2215 --- [XNIO-1 I/O-9] lavalink.server.io.SocketServer          : {"sessionId":"2ae5079d79cdbf9d85a08a8aadbfeead","event":{"token":"bbcf15837ec8bbd3","guild_id":"665661105586176020","endpoint":"us-west8491.discord.media:443"},"op":"voiceUpdate","guildId":"665661105586176020"}
2021-08-26 19:12:42.903  INFO 2215 --- [XNIO-1 I/O-9] lavalink.server.io.SocketServer          : {"sessionId":"2ae5079d79cdbf9d85a08a8aadbfeead","event":{"token":"bbcf15837ec8bbd3","guild_id":"665661105586176020","endpoint":"us-west8491.discord.media:443"},"op":"voiceUpdate","guildId":"665661105586176020"}
2021-08-26 19:12:43.866  INFO 2215 --- [lava-daemon-pool-info-loader-2-thread-1] lavalink.server.player.AudioLoader       : Loaded track lofi hip hop radio - beats to relax/study to
2021-08-26 19:12:43.899  INFO 2215 --- [XNIO-1 I/O-9] lavalink.server.io.SocketServer          : {"track":"QAAAjwIALGxvZmkgaGlwIGhvcCByYWRpbyAtIGJlYXRzIHRvIHJlbGF4L3N0dWR5IHRvAAlMb2ZpIEdpcmx//////////wALNXFhcDVhTzRpOUEBAQAraHR0cHM6Ly93d3cueW91dHViZS5jb20vd2F0Y2g/dj01cWFwNWFPNGk5QQAHeW91dHViZQAAAAAAAAAA","op":"play","guildId":"665661105586176020"}
2021-08-26 19:12:45.410  INFO 2215 --- [lava-daemon-pool-playback-1-thread-1] c.s.l.c.natives.NativeLibraryLoader      : Native library libmpg123-0: loading with filter com.sedmelluq.discord.lavaplayer.natives.ConnectorNativeLibLoader$$Lambda$608/0x0000000100792840@517b10d5
2021-08-26 19:12:45.411  INFO 2215 --- [lava-daemon-pool-playback-1-thread-1] c.s.l.c.natives.NativeLibraryLoader      : Native library connector: loading with filter null
2021-08-26 19:12:45.443  INFO 2215 --- [lava-daemon-pool-playback-1-thread-1] c.s.l.c.natives.NativeLibraryLoader      : Native library connector: successfully loaded.
2021-08-26 19:17:08.260  INFO 2215 --- [XNIO-1 I/O-9] lavalink.server.io.SocketServer          : Connection closed from /127.0.0.1:59170 -- CloseStatus[code=1006, reason=]
2021-08-26 19:17:08.261  INFO 2215 --- [XNIO-1 I/O-9] lavalink.server.io.SocketContext         : Shutting down 1 playing players.
2021-08-26 19:17:19.925  INFO 2215 --- [XNIO-1 task-4] l.server.io.HandshakeInterceptorImpl     : Incoming connection from /127.0.0.1:59192
2021-08-26 19:17:19.930  INFO 2215 --- [XNIO-1 task-4] lavalink.server.io.SocketServer          : Connection successfully established from /127.0.0.1:59192
2021-08-26 19:17:20.003  INFO 2215 --- [XNIO-1 I/O-7] lavalink.server.io.SocketServer          : {"op":"destroy","guildId":"665661105586176020"}
2021-08-26 19:17:20.009  INFO 2215 --- [XNIO-1 task-5] l.server.player.AudioLoaderRestHandler   : Got request to load for identifier "https://www.youtube.com/watch?v=5qap5aO4i9A"
2021-08-26 19:17:20.010  INFO 2215 --- [XNIO-1 task-6] l.server.player.AudioLoaderRestHandler   : Got request to load for identifier "https://www.youtube.com/watch?v=5qap5aO4i9A"
2021-08-26 19:17:20.320  INFO 2215 --- [XNIO-1 I/O-7] lavalink.server.io.SocketServer          : {"sessionId":"e55381dba68fadcfd76a59a046c06f87","event":{"token":"cfceefdc09303f0a","guild_id":"665661105586176020","endpoint":"us-west8491.discord.media:443"},"op":"voiceUpdate","guildId":"665661105586176020"}
2021-08-26 19:17:20.388  INFO 2215 --- [XNIO-1 I/O-7] lavalink.server.io.SocketServer          : {"sessionId":"e55381dba68fadcfd76a59a046c06f87","event":{"token":"cfceefdc09303f0a","guild_id":"665661105586176020","endpoint":"us-west8491.discord.media:443"},"op":"voiceUpdate","guildId":"665661105586176020"}
2021-08-26 19:17:20.749  INFO 2215 --- [lava-daemon-pool-info-loader-2-thread-1] lavalink.server.player.AudioLoader       : Loaded track lofi hip hop radio - beats to relax/study to
2021-08-26 19:17:20.767  INFO 2215 --- [XNIO-1 I/O-7] lavalink.server.io.SocketServer          : {"track":"QAAAjwIALGxvZmkgaGlwIGhvcCByYWRpbyAtIGJlYXRzIHRvIHJlbGF4L3N0dWR5IHRvAAlMb2ZpIEdpcmx//////////wALNXFhcDVhTzRpOUEBAQAraHR0cHM6Ly93d3cueW91dHViZS5jb20vd2F0Y2g/dj01cWFwNWFPNGk5QQAHeW91dHViZQAAAAAAAAAA","op":"play","guildId":"665661105586176020"}
2021-08-26 19:17:21.240  INFO 2215 --- [lava-daemon-pool-info-loader-2-thread-1] lavalink.server.player.AudioLoader       : Loaded track lofi hip hop radio - beats to relax/study to
2021-08-26 19:17:21.249  INFO 2215 --- [XNIO-1 I/O-7] lavalink.server.io.SocketServer          : {"track":"QAAAjwIALGxvZmkgaGlwIGhvcCByYWRpbyAtIGJlYXRzIHRvIHJlbGF4L3N0dWR5IHRvAAlMb2ZpIEdpcmx//////////wALNXFhcDVhTzRpOUEBAQAraHR0cHM6Ly93d3cueW91dHViZS5jb20vd2F0Y2g/dj01cWFwNWFPNGk5QQAHeW91dHViZQAAAAAAAAAA","op":"play","guildId":"665661105586176020"}
2021-08-26 19:17:25.861  INFO 2215 --- [XNIO-1 I/O-7] lavalink.server.io.SocketServer          : Connection closed from /127.0.0.1:59192 -- CloseStatus[code=1006, reason=]
2021-08-26 19:17:25.861  INFO 2215 --- [XNIO-1 I/O-7] lavalink.server.io.SocketContext         : Shutting down 1 playing players.
2021-08-26 19:17:34.645  INFO 2215 --- [Thread-1] o.s.s.concurrent.ThreadPoolTaskExecutor  : Shutting down ExecutorService 'applicationTaskExecutor'
2021-08-26 19:17:34.646  INFO 2215 --- [Thread-1] c.s.d.l.tools.GarbageCollectionMonitor   : GC monitoring disabled.
2021-08-26 19:17:34.655  INFO 2215 --- [Thread-1] io.undertow.servlet                      : Destroying Spring FrameworkServlet 'dispatcherServlet'
2021-08-26 19:17:48.239  INFO 4356 --- [main] lavalink.server.Launcher                 : 

[32m       .  [31m _                  _ _       _    [32m__ _ _
[32m      /\\ [31m| | __ ___   ____ _| (_)_ __ | | __[32m\ \ \ \
[32m     ( ( )[31m| |/ _` \ \ / / _` | | | '_ \| |/ /[32m \ \ \ \
[32m      \\/ [31m| | (_| |\ V / (_| | | | | | |   < [32m  ) ) ) )
[32m       '  [31m|_|\__,_| \_/ \__,_|_|_|_| |_|_|\_\[32m / / / /
[0m    =========================================[32m/_/_/_/[0m

	Version:        3.3.2.5
	Build:          1222
	Build time:     11.04.2021 08:07:27 UTC
	Branch          master
	Commit:         7b914f2
	Commit time:    09.04.2021 17:14:27 UTC
	JVM:            13.0.7
	Lavaplayer      1.3.76

2021-08-26 19:17:48.337  INFO 4356 --- [main] lavalink.server.Launcher                 : Starting Launcher on LAPTOP-ONPOSSI1 with PID 4356 (/home/LofiGirl/lavalink/lavalink.jar started by wrath in /home/LofiGirl)
2021-08-26 19:17:48.339  INFO 4356 --- [main] lavalink.server.Launcher                 : No active profile set, falling back to default profiles: default
2021-08-26 19:17:48.430  WARN 4356 --- [background-preinit] o.s.h.c.j.Jackson2ObjectMapperBuilder    : For Jackson Kotlin classes support please add "com.fasterxml.jackson.module:jackson-module-kotlin" to the classpath
2021-08-26 19:17:49.863  WARN 4356 --- [main] io.undertow.websockets.jsr               : UT026010: Buffer pool was not set on WebSocketDeploymentInfo, the default pool will be used
2021-08-26 19:17:49.881  INFO 4356 --- [main] io.undertow.servlet                      : Initializing Spring embedded WebApplicationContext
2021-08-26 19:17:49.882  INFO 4356 --- [main] o.s.web.context.ContextLoader            : Root WebApplicationContext: initialization completed in 1462 ms
2021-08-26 19:17:50.319  WARN 4356 --- [main] l.server.config.SentryConfiguration      : Turning off sentry
2021-08-26 19:17:50.609  INFO 4356 --- [main] c.s.d.l.tools.GarbageCollectionMonitor   : GC monitoring enabled, reporting results every 2 minutes.
2021-08-26 19:17:50.757  INFO 4356 --- [main] lavalink.server.config.KoeConfiguration  : OS: Linux, Arch: amd64
2021-08-26 19:17:50.757  INFO 4356 --- [main] lavalink.server.config.KoeConfiguration  : Enabling JDA-NAS
2021-08-26 19:17:50.761  INFO 4356 --- [main] c.s.l.c.natives.NativeLibraryLoader      : Native library udpqueue: loading with filter null
2021-08-26 19:17:50.764  INFO 4356 --- [main] c.s.l.c.natives.NativeLibraryLoader      : Native library udpqueue: successfully loaded.
2021-08-26 19:17:51.002  INFO 4356 --- [main] o.s.s.concurrent.ThreadPoolTaskExecutor  : Initializing ExecutorService 'applicationTaskExecutor'
2021-08-26 19:17:51.291  INFO 4356 --- [main] org.xnio                                 : XNIO version 3.3.8.Final
2021-08-26 19:17:51.301  INFO 4356 --- [main] org.xnio.nio                             : XNIO NIO Implementation Version 3.3.8.Final
2021-08-26 19:17:51.373  INFO 4356 --- [main] o.s.b.w.e.u.UndertowServletWebServer     : Undertow started on port(s) 2334 (http) with context path ''
2021-08-26 19:17:51.378  INFO 4356 --- [main] lavalink.server.Launcher                 : Started Launcher in 3.638 seconds (JVM running for 4.109)
2021-08-26 19:17:51.380  INFO 4356 --- [main] lavalink.server.Launcher                 : You can safely ignore the big red warning about illegal reflection. See https://github.com/Frederikam/Lavalink/issues/295
2021-08-26 19:17:58.091  INFO 4356 --- [XNIO-1 task-1] io.undertow.servlet                      : Initializing Spring DispatcherServlet 'dispatcherServlet'
2021-08-26 19:17:58.091  INFO 4356 --- [XNIO-1 task-1] o.s.web.servlet.DispatcherServlet        : Initializing Servlet 'dispatcherServlet'
2021-08-26 19:17:58.106  INFO 4356 --- [XNIO-1 task-1] o.s.web.servlet.DispatcherServlet        : Completed initialization in 14 ms
2021-08-26 19:17:58.139  INFO 4356 --- [XNIO-1 task-1] l.server.io.HandshakeInterceptorImpl     : Incoming connection from /127.0.0.1:59218
2021-08-26 19:17:58.257  INFO 4356 --- [XNIO-1 task-1] lavalink.server.io.SocketServer          : Connection successfully established from /127.0.0.1:59218
2021-08-26 19:17:58.325  INFO 4356 --- [XNIO-1 I/O-9] lavalink.server.io.SocketServer          : {"op":"destroy","guildId":"665661105586176020"}
2021-08-26 19:17:58.349  INFO 4356 --- [XNIO-1 task-2] l.server.player.AudioLoaderRestHandler   : Got request to load for identifier "https://www.youtube.com/watch?v=5qap5aO4i9A"
2021-08-26 19:17:58.349  INFO 4356 --- [XNIO-1 task-3] l.server.player.AudioLoaderRestHandler   : Got request to load for identifier "https://www.youtube.com/watch?v=5qap5aO4i9A"
2021-08-26 19:17:58.431  INFO 4356 --- [XNIO-1 I/O-9] lavalink.server.io.SocketServer          : {"sessionId":"02229758fcf355173f1395f0a53d2617","event":{"token":"a614636b5c11a29a","guild_id":"665661105586176020","endpoint":"us-west8491.discord.media:443"},"op":"voiceUpdate","guildId":"665661105586176020"}
2021-08-26 19:17:58.585  INFO 4356 --- [XNIO-1 I/O-9] lavalink.server.io.SocketServer          : {"sessionId":"02229758fcf355173f1395f0a53d2617","event":{"token":"a614636b5c11a29a","guild_id":"665661105586176020","endpoint":"us-west8491.discord.media:443"},"op":"voiceUpdate","guildId":"665661105586176020"}
2021-08-26 19:17:59.679  INFO 4356 --- [lava-daemon-pool-info-loader-2-thread-1] lavalink.server.player.AudioLoader       : Loaded track lofi hip hop radio - beats to relax/study to
2021-08-26 19:17:59.714  INFO 4356 --- [XNIO-1 I/O-9] lavalink.server.io.SocketServer          : {"track":"QAAAjwIALGxvZmkgaGlwIGhvcCByYWRpbyAtIGJlYXRzIHRvIHJlbGF4L3N0dWR5IHRvAAlMb2ZpIEdpcmx//////////wALNXFhcDVhTzRpOUEBAQAraHR0cHM6Ly93d3cueW91dHViZS5jb20vd2F0Y2g/dj01cWFwNWFPNGk5QQAHeW91dHViZQAAAAAAAAAA","op":"play","guildId":"665661105586176020"}
2021-08-26 19:18:00.215  INFO 4356 --- [lava-daemon-pool-info-loader-2-thread-1] lavalink.server.player.AudioLoader       : Loaded track lofi hip hop radio - beats to relax/study to
2021-08-26 19:18:00.232  INFO 4356 --- [XNIO-1 I/O-9] lavalink.server.io.SocketServer          : {"track":"QAAAjwIALGxvZmkgaGlwIGhvcCByYWRpbyAtIGJlYXRzIHRvIHJlbGF4L3N0dWR5IHRvAAlMb2ZpIEdpcmx//////////wALNXFhcDVhTzRpOUEBAQAraHR0cHM6Ly93d3cueW91dHViZS5jb20vd2F0Y2g/dj01cWFwNWFPNGk5QQAHeW91dHViZQAAAAAAAAAA","op":"play","guildId":"665661105586176020"}
2021-08-26 19:18:01.375  INFO 4356 --- [lava-daemon-pool-playback-1-thread-2] c.s.l.c.natives.NativeLibraryLoader      : Native library libmpg123-0: loading with filter com.sedmelluq.discord.lavaplayer.natives.ConnectorNativeLibLoader$$Lambda$613/0x0000000100785040@78374560
2021-08-26 19:18:01.376  INFO 4356 --- [lava-daemon-pool-playback-1-thread-2] c.s.l.c.natives.NativeLibraryLoader      : Native library connector: loading with filter null
2021-08-26 19:18:01.395  INFO 4356 --- [lava-daemon-pool-playback-1-thread-2] c.s.l.c.natives.NativeLibraryLoader      : Native library connector: successfully loaded.
2021-08-26 19:18:18.373  INFO 4356 --- [XNIO-1 I/O-9] lavalink.server.io.SocketServer          : Connection closed from /127.0.0.1:59218 -- CloseStatus[code=1006, reason=]
2021-08-26 19:18:18.374  INFO 4356 --- [XNIO-1 I/O-9] lavalink.server.io.SocketContext         : Shutting down 1 playing players.
2021-08-26 19:24:11.224  INFO 4356 --- [XNIO-1 task-6] l.server.io.HandshakeInterceptorImpl     : Incoming connection from /127.0.0.1:59244
2021-08-26 19:24:11.227  INFO 4356 --- [XNIO-1 task-6] lavalink.server.io.SocketServer          : Connection successfully established from /127.0.0.1:59244
2021-08-26 19:24:11.289  INFO 4356 --- [XNIO-1 task-7] l.server.player.AudioLoaderRestHandler   : Got request to load for identifier "https://www.youtube.com/watch?v=5qap5aO4i9A"
2021-08-26 19:24:11.615  INFO 4356 --- [XNIO-1 I/O-11] lavalink.server.io.SocketServer          : {"sessionId":"7d52d95e63db6cc0de04ad3f188421e4","event":{"token":"d9b4af88584087bf","guild_id":"665661105586176020","endpoint":"us-west8491.discord.media:443"},"op":"voiceUpdate","guildId":"665661105586176020"}
2021-08-26 19:24:12.149  INFO 4356 --- [lava-daemon-pool-info-loader-2-thread-1] lavalink.server.player.AudioLoader       : Loaded track lofi hip hop radio - beats to relax/study to
2021-08-26 19:24:12.159  INFO 4356 --- [XNIO-1 I/O-11] lavalink.server.io.SocketServer          : {"track":"QAAAjwIALGxvZmkgaGlwIGhvcCByYWRpbyAtIGJlYXRzIHRvIHJlbGF4L3N0dWR5IHRvAAlMb2ZpIEdpcmx//////////wALNXFhcDVhTzRpOUEBAQAraHR0cHM6Ly93d3cueW91dHViZS5jb20vd2F0Y2g/dj01cWFwNWFPNGk5QQAHeW91dHViZQAAAAAAAAAA","op":"play","guildId":"665661105586176020"}
2021-08-26 19:24:15.695  INFO 4356 --- [XNIO-1 I/O-11] lavalink.server.io.SocketServer          : Connection closed from /127.0.0.1:59244 -- CloseStatus[code=1006, reason=]
2021-08-26 19:24:15.695  INFO 4356 --- [XNIO-1 I/O-11] lavalink.server.io.SocketContext         : Shutting down 1 playing players.
2021-08-26 19:58:23.714  INFO 4356 --- [Thread-1] o.s.s.concurrent.ThreadPoolTaskExecutor  : Shutting down ExecutorService 'applicationTaskExecutor'
2021-08-26 19:58:23.715  INFO 4356 --- [Thread-1] c.s.d.l.tools.GarbageCollectionMonitor   : GC monitoring disabled.
2021-08-26 19:58:23.720  INFO 4356 --- [Thread-1] io.undertow.servlet                      : Destroying Spring FrameworkServlet 'dispatcherServlet'
2021-08-26 19:59:27.941  INFO 18532 --- [main] lavalink.server.Launcher                 : 

[32m       .  [31m _                  _ _       _    [32m__ _ _
[32m      /\\ [31m| | __ ___   ____ _| (_)_ __ | | __[32m\ \ \ \
[32m     ( ( )[31m| |/ _` \ \ / / _` | | | '_ \| |/ /[32m \ \ \ \
[32m      \\/ [31m| | (_| |\ V / (_| | | | | | |   < [32m  ) ) ) )
[32m       '  [31m|_|\__,_| \_/ \__,_|_|_|_| |_|_|\_\[32m / / / /
[0m    =========================================[32m/_/_/_/[0m

	Version:        3.3.2.5
	Build:          1222
	Build time:     11.04.2021 08:07:27 UTC
	Branch          master
	Commit:         7b914f2
	Commit time:    09.04.2021 17:14:27 UTC
	JVM:            13.0.7
	Lavaplayer      1.3.76

2021-08-26 19:59:28.033  INFO 18532 --- [main] lavalink.server.Launcher                 : Starting Launcher on LAPTOP-ONPOSSI1 with PID 18532 (/home/LofiGirl/lavalink/lavalink.jar started by wrath in /home/LofiGirl)
2021-08-26 19:59:28.034  INFO 18532 --- [main] lavalink.server.Launcher                 : No active profile set, falling back to default profiles: default
2021-08-26 19:59:28.110  WARN 18532 --- [background-preinit] o.s.h.c.j.Jackson2ObjectMapperBuilder    : For Jackson Kotlin classes support please add "com.fasterxml.jackson.module:jackson-module-kotlin" to the classpath
2021-08-26 19:59:29.223  WARN 18532 --- [main] io.undertow.websockets.jsr               : UT026010: Buffer pool was not set on WebSocketDeploymentInfo, the default pool will be used
2021-08-26 19:59:29.245  INFO 18532 --- [main] io.undertow.servlet                      : Initializing Spring embedded WebApplicationContext
2021-08-26 19:59:29.246  INFO 18532 --- [main] o.s.web.context.ContextLoader            : Root WebApplicationContext: initialization completed in 1163 ms
2021-08-26 19:59:29.787  WARN 18532 --- [main] l.server.config.SentryConfiguration      : Turning off sentry
2021-08-26 19:59:30.123  INFO 18532 --- [main] c.s.d.l.tools.GarbageCollectionMonitor   : GC monitoring enabled, reporting results every 2 minutes.
2021-08-26 19:59:30.335  INFO 18532 --- [main] lavalink.server.config.KoeConfiguration  : OS: Linux, Arch: amd64
2021-08-26 19:59:30.335  INFO 18532 --- [main] lavalink.server.config.KoeConfiguration  : Enabling JDA-NAS
2021-08-26 19:59:30.339  INFO 18532 --- [main] c.s.l.c.natives.NativeLibraryLoader      : Native library udpqueue: loading with filter null
2021-08-26 19:59:30.344  INFO 18532 --- [main] c.s.l.c.natives.NativeLibraryLoader      : Native library udpqueue: successfully loaded.
2021-08-26 19:59:30.601  INFO 18532 --- [main] o.s.s.concurrent.ThreadPoolTaskExecutor  : Initializing ExecutorService 'applicationTaskExecutor'
2021-08-26 19:59:30.864  INFO 18532 --- [main] org.xnio                                 : XNIO version 3.3.8.Final
2021-08-26 19:59:30.874  INFO 18532 --- [main] org.xnio.nio                             : XNIO NIO Implementation Version 3.3.8.Final
2021-08-26 19:59:31.024  INFO 18532 --- [main] o.s.b.w.e.u.UndertowServletWebServer     : Undertow started on port(s) 2334 (http) with context path ''
2021-08-26 19:59:31.028  INFO 18532 --- [main] lavalink.server.Launcher                 : Started Launcher in 3.621 seconds (JVM running for 4.16)
2021-08-26 19:59:31.030  INFO 18532 --- [main] lavalink.server.Launcher                 : You can safely ignore the big red warning about illegal reflection. See https://github.com/Frederikam/Lavalink/issues/295
2021-08-26 19:59:37.648  INFO 18532 --- [XNIO-1 task-1] io.undertow.servlet                      : Initializing Spring DispatcherServlet 'dispatcherServlet'
2021-08-26 19:59:37.648  INFO 18532 --- [XNIO-1 task-1] o.s.web.servlet.DispatcherServlet        : Initializing Servlet 'dispatcherServlet'
2021-08-26 19:59:37.657  INFO 18532 --- [XNIO-1 task-1] o.s.web.servlet.DispatcherServlet        : Completed initialization in 8 ms
2021-08-26 19:59:37.676  INFO 18532 --- [XNIO-1 task-1] l.server.io.HandshakeInterceptorImpl     : Incoming connection from /127.0.0.1:59262
2021-08-26 19:59:37.735  INFO 18532 --- [XNIO-1 task-1] lavalink.server.io.SocketServer          : Connection successfully established from /127.0.0.1:59262
2021-08-26 19:59:41.650  INFO 18532 --- [XNIO-1 task-2] l.server.player.AudioLoaderRestHandler   : Got request to load for identifier "https://www.youtube.com/watch?v=5qap5aO4i9A"
2021-08-26 19:59:41.869  INFO 18532 --- [XNIO-1 I/O-5] lavalink.server.io.SocketServer          : {"sessionId":"612c1b17e0f4c39432b17ed09c41e777","event":{"token":"6189c8fcbd306565","guild_id":"665661105586176020","endpoint":"us-west7857.discord.media:443"},"op":"voiceUpdate","guildId":"665661105586176020"}
2021-08-26 19:59:41.994  INFO 18532 --- [XNIO-1 I/O-5] lavalink.server.io.SocketServer          : {"sessionId":"612c1b17e0f4c39432b17ed09c41e777","event":{"token":"6189c8fcbd306565","guild_id":"665661105586176020","endpoint":"us-west7857.discord.media:443"},"op":"voiceUpdate","guildId":"665661105586176020"}
2021-08-26 19:59:42.755  INFO 18532 --- [lava-daemon-pool-info-loader-2-thread-1] lavalink.server.player.AudioLoader       : Loaded track lofi hip hop radio - beats to relax/study to
2021-08-26 19:59:42.793  INFO 18532 --- [XNIO-1 I/O-5] lavalink.server.io.SocketServer          : {"track":"QAAAjwIALGxvZmkgaGlwIGhvcCByYWRpbyAtIGJlYXRzIHRvIHJlbGF4L3N0dWR5IHRvAAlMb2ZpIEdpcmx//////////wALNXFhcDVhTzRpOUEBAQAraHR0cHM6Ly93d3cueW91dHViZS5jb20vd2F0Y2g/dj01cWFwNWFPNGk5QQAHeW91dHViZQAAAAAAAAAA","op":"play","guildId":"665661105586176020"}
2021-08-26 19:59:44.076  INFO 18532 --- [lava-daemon-pool-playback-1-thread-1] c.s.l.c.natives.NativeLibraryLoader      : Native library libmpg123-0: loading with filter com.sedmelluq.discord.lavaplayer.natives.ConnectorNativeLibLoader$$Lambda$604/0x000000010079d440@7025f7e6
2021-08-26 19:59:44.077  INFO 18532 --- [lava-daemon-pool-playback-1-thread-1] c.s.l.c.natives.NativeLibraryLoader      : Native library connector: loading with filter null
2021-08-26 19:59:44.100  INFO 18532 --- [lava-daemon-pool-playback-1-thread-1] c.s.l.c.natives.NativeLibraryLoader      : Native library connector: successfully loaded.
2021-08-26 19:59:50.613  INFO 18532 --- [XNIO-1 I/O-5] lavalink.server.io.SocketServer          : {"op":"destroy","guildId":"665661105586176020"}
2021-08-26 19:59:50.617  INFO 18532 --- [XNIO-1 I/O-5] lavalink.server.io.SocketServer          : {"track":"QAAAjwIALGxvZmkgaGlwIGhvcCByYWRpbyAtIGJlYXRzIHRvIHJlbGF4L3N0dWR5IHRvAAlMb2ZpIEdpcmx//////////wALNXFhcDVhTzRpOUEBAQAraHR0cHM6Ly93d3cueW91dHViZS5jb20vd2F0Y2g/dj01cWFwNWFPNGk5QQAHeW91dHViZQAAAAAAAAAA","op":"play","guildId":"665661105586176020"}
2021-08-26 19:59:50.826  INFO 18532 --- [XNIO-1 I/O-5] lavalink.server.io.SocketServer          : {"sessionId":"612c1b17e0f4c39432b17ed09c41e777","event":{"token":"9ead680df879a744","guild_id":"665661105586176020","endpoint":"us-west7857.discord.media:443"},"op":"voiceUpdate","guildId":"665661105586176020"}
2021-08-26 21:12:12.295  INFO 18532 --- [XNIO-1 I/O-5] lavalink.server.io.SocketServer          : {"op":"destroy","guildId":"665661105586176020"}
2021-08-26 21:12:12.706  INFO 18532 --- [XNIO-1 I/O-5] lavalink.server.io.SocketServer          : {"track":"QAAAjwIALGxvZmkgaGlwIGhvcCByYWRpbyAtIGJlYXRzIHRvIHJlbGF4L3N0dWR5IHRvAAlMb2ZpIEdpcmx//////////wALNXFhcDVhTzRpOUEBAQAraHR0cHM6Ly93d3cueW91dHViZS5jb20vd2F0Y2g/dj01cWFwNWFPNGk5QQAHeW91dHViZQAAAAAAAAAA","op":"play","guildId":"665661105586176020"}
2021-08-26 21:12:12.791  INFO 18532 --- [XNIO-1 I/O-5] lavalink.server.io.SocketServer          : {"sessionId":"1989cf6fa28e0226ef9d90e00ae66d1e","event":{"token":"f36541b72042b3de","guild_id":"665661105586176020","endpoint":"us-west7857.discord.media:443"},"op":"voiceUpdate","guildId":"665661105586176020"}
2021-08-26 21:23:25.296  INFO 18532 --- [XNIO-1 I/O-5] lavalink.server.io.SocketServer          : {"op":"destroy","guildId":"665661105586176020"}
2021-08-26 21:23:40.941  INFO 18532 --- [Thread-1] o.s.s.concurrent.ThreadPoolTaskExecutor  : Shutting down ExecutorService 'applicationTaskExecutor'
2021-08-26 21:23:40.908  INFO 18532 --- [XNIO-1 I/O-5] lavalink.server.io.SocketServer          : Connection closed from /127.0.0.1:59262 -- CloseStatus[code=1006, reason=]
2021-08-26 21:23:41.030  INFO 18532 --- [XNIO-1 I/O-5] lavalink.server.io.SocketContext         : Shutting down 0 playing players.
2021-08-26 21:23:41.459  INFO 18532 --- [Thread-1] c.s.d.l.tools.GarbageCollectionMonitor   : GC monitoring disabled.
2021-08-26 21:23:42.307  INFO 18532 --- [Thread-1] io.undertow.servlet                      : Destroying Spring FrameworkServlet 'dispatcherServlet'
